<?xml version="1.0" encoding="UTF-8"?>
<!-- Generated by org.testng.reporters.JUnitReportReporter -->
<testsuite hostname="NandhiniBS" failures="1" tests="8" name="tests.Covid19TrackerTest" time="18.057" errors="0" timestamp="2024-11-09T13:41:39 IST" skipped="0">
  <testcase classname="tests.Covid19TrackerTest" name="verifyDisplayAllData" time="4.171"/>
  <testcase classname="tests.Covid19TrackerTest" name="verifyZoomOutButtonClick" time="2.113"/>
  <testcase classname="tests.Covid19TrackerTest" name="verifyHoverAndClickTargetElementTwice" time="3.276"/>
  <testcase classname="tests.Covid19TrackerTest" name="verifyCovid19TrackerPageLoadsSuccessfully" time="0.027"/>
  <testcase classname="tests.Covid19TrackerTest" name="verifyHoverAndDownloadImage" time="5.258">
    <failure message="Image was not downloaded successfully. expected [true] but found [false]" type="java.lang.AssertionError">
      <![CDATA[java.lang.AssertionError: Image was not downloaded successfully. expected [true] but found [false]
at org.testng.Assert.fail(Assert.java:111)
at org.testng.Assert.failNotEquals(Assert.java:1578)
at org.testng.Assert.assertTrue(Assert.java:57)
at tests.Covid19TrackerTest.verifyHoverAndDownloadImage(Covid19TrackerTest.java:97)
at java.base/jdk.internal.reflect.DirectMethodHandleAccessor.invoke(DirectMethodHandleAccessor.java:103)
at java.base/java.lang.reflect.Method.invoke(Method.java:580)
at org.testng.internal.invokers.MethodInvocationHelper.invokeMethod(MethodInvocationHelper.java:141)
at org.testng.internal.invokers.TestInvoker.invokeMethod(TestInvoker.java:686)
at org.testng.internal.invokers.TestInvoker.invokeTestMethod(TestInvoker.java:230)
at org.testng.internal.invokers.MethodRunner.runInSequence(MethodRunner.java:63)
at org.testng.internal.invokers.TestInvoker$MethodInvocationAgent.invoke(TestInvoker.java:992)
at org.testng.internal.invokers.TestInvoker.invokeTestMethods(TestInvoker.java:203)
at org.testng.internal.invokers.TestMethodWorker.invokeTestMethods(TestMethodWorker.java:154)
at org.testng.internal.invokers.TestMethodWorker.run(TestMethodWorker.java:134)
at java.base/java.util.ArrayList.forEach(ArrayList.java:1597)
at org.testng.TestRunner.privateRun(TestRunner.java:739)
at org.testng.TestRunner.run(TestRunner.java:614)
at org.testng.SuiteRunner.runTest(SuiteRunner.java:421)
at org.testng.SuiteRunner.runSequentially(SuiteRunner.java:413)
at org.testng.SuiteRunner.privateRun(SuiteRunner.java:373)
at org.testng.SuiteRunner.run(SuiteRunner.java:312)
at org.testng.SuiteRunnerWorker.runSuite(SuiteRunnerWorker.java:52)
at org.testng.SuiteRunnerWorker.run(SuiteRunnerWorker.java:95)
at org.testng.TestNG.runSuitesSequentially(TestNG.java:1274)
at org.testng.TestNG.runSuitesLocally(TestNG.java:1208)
at org.testng.TestNG.runSuites(TestNG.java:1112)
at org.testng.TestNG.run(TestNG.java:1079)
at org.testng.remote.AbstractRemoteTestNG.run(AbstractRemoteTestNG.java:115)
at org.testng.remote.RemoteTestNG.initAndRun(RemoteTestNG.java:293)
at org.testng.remote.RemoteTestNG.main(RemoteTestNG.java:91)
]]>
    </failure>
  </testcase> <!-- verifyHoverAndDownloadImage -->
  <testcase classname="tests.Covid19TrackerTest" name="verifyDefaultDropdownOption" time="0.190"/>
  <testcase classname="tests.Covid19TrackerTest" name="verifyStateSelection" time="0.896"/>
  <testcase classname="tests.Covid19TrackerTest" name="verifyZoomInButtonClick" time="2.126"/>
</testsuite> <!-- tests.Covid19TrackerTest -->
